<?xml version="1.0" encoding="UTF-8"?>
<robot generator="Robot 7.3 (Python 3.11.9 on win32)" generated="2025-06-08T23:23:54.835422" rpa="false" schemaversion="5">
<suite id="s1" name="Blog Test" source="D:\Лабт\Blog-Post-master\tests\blog_test.robot">
<test id="s1-t1" name="Реєстрація користувача та створення посту" line="14">
<kw name="Open Browser" owner="SeleniumLibrary">
<msg time="2025-06-08T23:23:55.046846" level="INFO">Opening browser 'Chrome' to base url 'http://localhost:8080'.</msg>
<arg>${URL}</arg>
<arg>${BROWSER}</arg>
<doc>Opens a new browser instance to the optional ``url``.</doc>
<status status="PASS" start="2025-06-08T23:23:55.046846" elapsed="1.324356"/>
</kw>
<kw name="Maximize Browser Window" owner="SeleniumLibrary">
<doc>Maximizes current browser window.</doc>
<status status="PASS" start="2025-06-08T23:23:56.371202" elapsed="0.019017"/>
</kw>
<kw name="Click Link" owner="SeleniumLibrary">
<msg time="2025-06-08T23:23:56.391220" level="INFO">Clicking link 'Or Sign Up'.</msg>
<arg>Or Sign Up</arg>
<doc>Clicks a link identified by ``locator``.</doc>
<status status="PASS" start="2025-06-08T23:23:56.390219" elapsed="0.073069"/>
</kw>
<kw name="Input Text" owner="SeleniumLibrary">
<msg time="2025-06-08T23:23:56.464290" level="INFO">Typing text 'testuser' into text field 'name=username'.</msg>
<arg>name=username</arg>
<arg>${USERNAME}</arg>
<doc>Types the given ``text`` into the text field identified by ``locator``.</doc>
<status status="PASS" start="2025-06-08T23:23:56.463288" elapsed="0.062057"/>
</kw>
<kw name="Input Text" owner="SeleniumLibrary">
<msg time="2025-06-08T23:23:56.525345" level="INFO">Typing text 'test@example.com' into text field 'name=email'.</msg>
<arg>name=email</arg>
<arg>${EMAIL}</arg>
<doc>Types the given ``text`` into the text field identified by ``locator``.</doc>
<status status="PASS" start="2025-06-08T23:23:56.525345" elapsed="0.066060"/>
</kw>
<kw name="Input Text" owner="SeleniumLibrary">
<msg time="2025-06-08T23:23:56.592405" level="INFO">Typing text 'SEcret123!' into text field 'name=password'.</msg>
<arg>name=password</arg>
<arg>${PASSWORD}</arg>
<doc>Types the given ``text`` into the text field identified by ``locator``.</doc>
<status status="PASS" start="2025-06-08T23:23:56.592405" elapsed="0.055051"/>
</kw>
<kw name="Input Text" owner="SeleniumLibrary">
<msg time="2025-06-08T23:23:56.648456" level="INFO">Typing text 'SEcret123!' into text field 'id=confirm'.</msg>
<arg>id=confirm</arg>
<arg>${PASSWORD}</arg>
<doc>Types the given ``text`` into the text field identified by ``locator``.</doc>
<status status="PASS" start="2025-06-08T23:23:56.647456" elapsed="0.060696"/>
</kw>
<kw name="Click Element" owner="SeleniumLibrary">
<msg time="2025-06-08T23:23:56.709153" level="INFO">Clicking element 'id=register'.</msg>
<arg>id=register</arg>
<doc>Click the element identified by ``locator``.</doc>
<status status="PASS" start="2025-06-08T23:23:56.709153" elapsed="0.267043"/>
</kw>
<kw name="Go To" owner="SeleniumLibrary">
<msg time="2025-06-08T23:23:56.977196" level="INFO">Opening url 'http://localhost:8080'</msg>
<arg>${URL}</arg>
<doc>Navigates the current browser window to the provided ``url``.</doc>
<status status="PASS" start="2025-06-08T23:23:56.977196" elapsed="0.031029"/>
</kw>
<kw name="Sleep" owner="BuiltIn">
<msg time="2025-06-08T23:23:58.010135" level="INFO">Slept 1 second.</msg>
<arg>1s</arg>
<doc>Pauses the test executed for the given time.</doc>
<status status="PASS" start="2025-06-08T23:23:57.009225" elapsed="1.000910"/>
</kw>
<kw name="Input Text" owner="SeleniumLibrary">
<msg time="2025-06-08T23:23:58.010135" level="INFO">Typing text 'testuser' into text field 'name=username'.</msg>
<arg>name=username</arg>
<arg>${USERNAME}</arg>
<doc>Types the given ``text`` into the text field identified by ``locator``.</doc>
<status status="PASS" start="2025-06-08T23:23:58.010135" elapsed="0.044646"/>
</kw>
<kw name="Input Text" owner="SeleniumLibrary">
<msg time="2025-06-08T23:23:58.054781" level="INFO">Typing text 'SEcret123!' into text field 'name=password'.</msg>
<arg>name=password</arg>
<arg>${PASSWORD}</arg>
<doc>Types the given ``text`` into the text field identified by ``locator``.</doc>
<status status="PASS" start="2025-06-08T23:23:58.054781" elapsed="0.044039"/>
</kw>
<kw name="Click Element" owner="SeleniumLibrary">
<msg time="2025-06-08T23:23:58.099821" level="INFO">Clicking element 'id=login'.</msg>
<arg>id=login</arg>
<doc>Click the element identified by ``locator``.</doc>
<status status="PASS" start="2025-06-08T23:23:58.099821" elapsed="0.033030"/>
</kw>
<kw name="Go To" owner="SeleniumLibrary">
<msg time="2025-06-08T23:23:58.132851" level="INFO">Opening url 'http://localhost:8080/post'</msg>
<arg>${URL}/post</arg>
<doc>Navigates the current browser window to the provided ``url``.</doc>
<status status="PASS" start="2025-06-08T23:23:58.132851" elapsed="0.393670"/>
</kw>
<kw name="Sleep" owner="BuiltIn">
<msg time="2025-06-08T23:23:59.527167" level="INFO">Slept 1 second.</msg>
<arg>1s</arg>
<doc>Pauses the test executed for the given time.</doc>
<status status="PASS" start="2025-06-08T23:23:58.526521" elapsed="1.000646"/>
</kw>
<kw name="Input Text" owner="SeleniumLibrary">
<msg time="2025-06-08T23:23:59.527167" level="INFO">Typing text 'Тестовий пост' into text field 'id=title'.</msg>
<arg>id=title</arg>
<arg>${POST_TITLE}</arg>
<doc>Types the given ``text`` into the text field identified by ``locator``.</doc>
<status status="PASS" start="2025-06-08T23:23:59.527167" elapsed="0.049780"/>
</kw>
<kw name="Input Text" owner="SeleniumLibrary">
<msg time="2025-06-08T23:23:59.577947" level="INFO">Typing text 'Це контент тестового посту' into text field 'id=description'.</msg>
<arg>id=description</arg>
<arg>${POST_BODY}</arg>
<doc>Types the given ``text`` into the text field identified by ``locator``.</doc>
<status status="PASS" start="2025-06-08T23:23:59.577947" elapsed="0.055051"/>
</kw>
<kw name="Input Text" owner="SeleniumLibrary">
<msg time="2025-06-08T23:23:59.632998" level="INFO">Typing text 'Це контент тестового посту' into text field 'id=body'.</msg>
<arg>id=body</arg>
<arg>${POST_BODY}</arg>
<doc>Types the given ``text`` into the text field identified by ``locator``.</doc>
<status status="PASS" start="2025-06-08T23:23:59.632998" elapsed="0.053048"/>
</kw>
<kw name="Click Element" owner="SeleniumLibrary">
<msg time="2025-06-08T23:23:59.687046" level="INFO">Clicking element 'id=post'.</msg>
<arg>id=post</arg>
<doc>Click the element identified by ``locator``.</doc>
<status status="PASS" start="2025-06-08T23:23:59.686046" elapsed="0.038034"/>
</kw>
<kw name="Close Browser" owner="SeleniumLibrary" type="TEARDOWN">
<doc>Closes the current browser.</doc>
<status status="PASS" start="2025-06-08T23:23:59.724080" elapsed="2.120044"/>
</kw>
<status status="PASS" start="2025-06-08T23:23:55.045845" elapsed="6.798279"/>
</test>
<status status="PASS" start="2025-06-08T23:23:54.836424" elapsed="7.008701"/>
</suite>
<statistics>
<total>
<stat pass="1" fail="0" skip="0">All Tests</stat>
</total>
<tag>
</tag>
<suite>
<stat name="Blog Test" id="s1" pass="1" fail="0" skip="0">Blog Test</stat>
</suite>
</statistics>
<errors>
</errors>
</robot>
